<?xml version="1.0" encoding="UTF-8"?>
<!-- Generated by org.testng.reporters.JUnitReportReporter -->
<testsuite skipped="0" hostname="DESKTOP-G4JM6EP" name="com.qa.linkedin.test.SearchDataDrivenTest" tests="4" failures="0" timestamp="2021-05-20T15:55:08 CDT" time="27.610" errors="0">
  <testcase name="SearchDataDrivenTest" time="7.419" classname="com.qa.linkedin.test.SearchDataDrivenTest"/>
  <testcase name="SearchDataDrivenTest" time="6.793" classname="com.qa.linkedin.test.SearchDataDrivenTest"/>
  <testcase name="SearchDataDrivenTest" time="6.393" classname="com.qa.linkedin.test.SearchDataDrivenTest"/>
  <testcase name="SearchDataDrivenTest" time="7.005" classname="com.qa.linkedin.test.SearchDataDrivenTest"/>
</testsuite> <!-- com.qa.linkedin.test.SearchDataDrivenTest -->
