<?xml version="1.0" encoding="UTF-8"?>
<!-- Generated by org.testng.reporters.JUnitReportReporter -->
<testsuite skipped="0" hostname="DESKTOP-G4JM6EP" name="com.qa.linkedin.test.SearchDataDrivenTest" tests="4" failures="0" timestamp="2021-05-20T18:00:40 CDT" time="25.853" errors="0">
  <testcase name="SearchDataDrivenTest" time="6.227" classname="com.qa.linkedin.test.SearchDataDrivenTest"/>
  <testcase name="SearchDataDrivenTest" time="6.764" classname="com.qa.linkedin.test.SearchDataDrivenTest"/>
  <testcase name="SearchDataDrivenTest" time="6.427" classname="com.qa.linkedin.test.SearchDataDrivenTest"/>
  <testcase name="SearchDataDrivenTest" time="6.435" classname="com.qa.linkedin.test.SearchDataDrivenTest"/>
</testsuite> <!-- com.qa.linkedin.test.SearchDataDrivenTest -->
